1546417603|/index.php?id=info|http://second.php/index.php?id=log
1546417604|/index.php?id=contact|http://second.php/index.php?id=info
1546417604|/index.php|http://second.php/index.php?id=contact
1546417605|/index.php?id=log|http://second.php/index.php
1546417639|/inc/log.inc.php|http://second.php/inc/
1546417647|/inc/log.inc.php|http://second.php/inc/
1546419711|/index.php?id=log|http://second.php/index.php?id=contact
1546419721|/index.php?id=log|http://second.php/index.php?id=contact
1546419735|/index.php?id=log|http://second.php/index.php?id=contact
1546419742|/index.php?id=log|http://second.php/index.php?id=contact
1546419743|/index.php?id=view-log|http://second.php/index.php?id=log
1546419749|/index.php|http://second.php/index.php?id=view-log
1546419750|/index.php?id=contact|http://second.php/index.php
1546419751|/index.php?id=about|http://second.php/index.php?id=contact
1546419751|/index.php?id=info|http://second.php/index.php?id=about
1546419752|/index.php|http://second.php/index.php?id=info
1546419752|/index.php?id=contact|http://second.php/index.php
1546419753|/index.php?id=view-log|http://second.php/index.php?id=contact
1546419759|/index.php?id=view-log|http://second.php/index.php?id=view-log
1546419766|/index.php?id=view-log|http://second.php/index.php?id=view-log
1546419767|/index.php?id=view-log|http://second.php/index.php?id=view-log
1546419767|/index.php?id=view-log|http://second.php/index.php?id=view-log
1546419768|/index.php?id=log|http://second.php/index.php?id=view-log
1546419769|/index.php?id=log|http://second.php/index.php?id=log
1546419770|/index.php?id=log|http://second.php/index.php?id=log
1546419770|/index.php?id=gbook|http://second.php/index.php?id=log
1546419772|/index.php?id=log|http://second.php/index.php?id=gbook
1546419845|/index.php?id=log|http://second.php/index.php?id=log
1546419905|/index.php?id=log|http://second.php/index.php?id=log
1546419948|/index.php?id=log|http://second.php/index.php?id=log
1546419958|/index.php?id=log|http://second.php/index.php?id=log
1546420005|/index.php?id=log|http://second.php/index.php?id=log
1546504644|/|
1546504731|/|
1546504733|/index.php?id=info|http://second.php/
1546504737|/index.php?id=log|http://second.php/index.php?id=info
1546504751|/index.php?id=contact|http://second.php/index.php?id=log
1546504752|/index.php|http://second.php/index.php?id=contact
1546504753|/index.php?id=about|http://second.php/index.php
1546504754|/index.php?id=info|http://second.php/index.php?id=about
1546504802|/index.php?id=log|http://second.php/index.php?id=info
1546505937|/index.php|http://second.php/index.php?id=log
1546505938|/index.php?id=contact|http://second.php/index.php
1546505940|/index.php?id=log|http://second.php/index.php?id=contact
1546505945|/index.php?id=gbook|http://second.php/index.php?id=log
1546505949|/index.php?id=log|http://second.php/index.php?id=gbook
1546505958|/index.php|http://second.php/index.php?id=log
1546505959|/index.php?id=contact|http://second.php/index.php
1546505959|/index.php?id=about|http://second.php/index.php?id=contact
1546505965|/index.php?id=info|http://second.php/index.php?id=about
1546505966|/index.php?id=contact|http://second.php/index.php?id=info
1546529535|/|http://second.php/inc/gbook.inc.php
1546531410|/|
1546554784|/|
1547030494|/|
1547030505|/index.php?id=log|http://second.php/
1547030513|/index.php|http://second.php/index.php?id=log
1547030514|/index.php?id=log|http://second.php/index.php
1547035269|/|
1547039391|/index.php?id=info|http://second.php/
1547039393|/index.php?id=gbook|http://second.php/index.php?id=info
1547045611|/index.php?id=gbook|http://second.php/index.php?id=gbook
1547045615|/index.php?id=about|http://second.php/index.php?id=gbook
1547050157|/index.php|http://second.php/index.php?id=about
1547050164|/index.php?id=log|http://second.php/index.php
1547050173|/index.php?id=gbook|http://second.php/index.php?id=log
1547050178|/index.php|http://second.php/index.php?id=gbook
1547050180|/index.php?id=contact|http://second.php/index.php
1547050181|/index.php?id=about|http://second.php/index.php?id=contact
1547050182|/index.php?id=log|http://second.php/index.php?id=about
1547050187|/index.php?id=gbook|http://second.php/index.php?id=log
1547050191|/index.php?id=info|http://second.php/index.php?id=gbook
1547050192|/index.php?id=about|http://second.php/index.php?id=info
1547050194|/index.php?id=contact|http://second.php/index.php?id=about
1547050194|/index.php|http://second.php/index.php?id=contact
1547564943|/|
1547738218|/|
