[29-12-2018 20:35:52] - Undefined variable: nave in W:\domains\first.PHP\inc\bottom.inc.php:1
[29-12-2018 20:36:30] - Undefined variable: nave in W:\domains\first.PHP\inc\bottom.inc.php:1
[29-12-2018 20:37:54] - Undefined variable: nave in W:\domains\first.PHP\inc\bottom.inc.php:1
[29-12-2018 20:38:44] - Undefined variable: nav in W:\domains\first.PHP\inc\menu.inc.php:4
[29-12-2018 20:38:44] - Sorry ....  in W:\domains\first.PHP\inc\menu.inc.php:5
[29-12-2018 20:38:44] - Undefined variable: nav in W:\domains\first.PHP\inc\bottom.inc.php:1
[29-12-2018 21:57:30] - Undefined index: id in W:\domains\first.PHP\index.php:8
[29-12-2018 21:57:30] - include(index.inc.php): failed to open stream: No such file or directory in W:\domains\first.PHP\index.php:60
[29-12-2018 21:57:30] - include(): Failed opening 'index.inc.php' for inclusion (include_path='.;w:/modules/php/PHP-7.2-x64;w:/modules/php/PHP-7.2-x64/PEAR/pear') in W:\domains\first.PHP\index.php:60
[29-12-2018 21:57:51] - Undefined index: id in W:\domains\first.PHP\index.php:8
[29-12-2018 21:57:51] - include(index.inc.php): failed to open stream: No such file or directory in W:\domains\first.PHP\index.php:58
[29-12-2018 21:57:51] - include(): Failed opening 'index.inc.php' for inclusion (include_path='.;w:/modules/php/PHP-7.2-x64;w:/modules/php/PHP-7.2-x64/PEAR/pear') in W:\domains\first.PHP\index.php:58
[29-12-2018 21:58:06] - A non well formed numeric value encountered in W:\domains\first.PHP\contact.php:11
[29-12-2018 21:58:08] - Undefined variable: cols in W:\domains\first.PHP\table.php:7
[29-12-2018 21:58:08] - Undefined variable: rows in W:\domains\first.PHP\table.php:8
[29-12-2018 21:58:08] - Undefined variable: color in W:\domains\first.PHP\table.php:9
[29-12-2018 21:58:10] - Undefined index: id in W:\domains\first.PHP\index.php:8
[29-12-2018 21:58:10] - include(index.inc.php): failed to open stream: No such file or directory in W:\domains\first.PHP\index.php:58
[29-12-2018 21:58:10] - include(): Failed opening 'index.inc.php' for inclusion (include_path='.;w:/modules/php/PHP-7.2-x64;w:/modules/php/PHP-7.2-x64/PEAR/pear') in W:\domains\first.PHP\index.php:58
[29-12-2018 21:58:52] - Undefined index: id in W:\domains\first.PHP\index.php:8
[29-12-2018 21:58:52] - include(index.inc.php): failed to open stream: No such file or directory in W:\domains\first.PHP\index.php:58
[29-12-2018 21:58:52] - include(): Failed opening 'index.inc.php' for inclusion (include_path='.;w:/modules/php/PHP-7.2-x64;w:/modules/php/PHP-7.2-x64/PEAR/pear') in W:\domains\first.PHP\index.php:58
[29-12-2018 21:58:52] - Undefined index: id in W:\domains\first.PHP\index.php:8
[29-12-2018 21:58:52] - include(index.inc.php): failed to open stream: No such file or directory in W:\domains\first.PHP\index.php:58
[29-12-2018 21:58:52] - include(): Failed opening 'index.inc.php' for inclusion (include_path='.;w:/modules/php/PHP-7.2-x64;w:/modules/php/PHP-7.2-x64/PEAR/pear') in W:\domains\first.PHP\index.php:58
[29-12-2018 22:00:20] - Undefined index: id in W:\domains\first.PHP\index.php:8
[29-12-2018 22:00:20] - include(index.inc.php): failed to open stream: No such file or directory in W:\domains\first.PHP\index.php:58
[29-12-2018 22:00:20] - include(): Failed opening 'index.inc.php' for inclusion (include_path='.;w:/modules/php/PHP-7.2-x64;w:/modules/php/PHP-7.2-x64/PEAR/pear') in W:\domains\first.PHP\index.php:58
[29-12-2018 22:00:21] - Undefined index: id in W:\domains\first.PHP\index.php:8
[29-12-2018 22:00:21] - include(index.inc.php): failed to open stream: No such file or directory in W:\domains\first.PHP\index.php:58
[29-12-2018 22:00:21] - include(): Failed opening 'index.inc.php' for inclusion (include_path='.;w:/modules/php/PHP-7.2-x64;w:/modules/php/PHP-7.2-x64/PEAR/pear') in W:\domains\first.PHP\index.php:58
[29-12-2018 22:03:52] - Undefined index: id in W:\domains\first.PHP\index.php:8
[29-12-2018 22:03:52] - include(index.inc.php): failed to open stream: No such file or directory in W:\domains\first.PHP\index.php:58
[29-12-2018 22:03:52] - include(): Failed opening 'index.inc.php' for inclusion (include_path='.;w:/modules/php/PHP-7.2-x64;w:/modules/php/PHP-7.2-x64/PEAR/pear') in W:\domains\first.PHP\index.php:58
[29-12-2018 22:03:52] - Undefined index: id in W:\domains\first.PHP\index.php:8
[29-12-2018 22:03:52] - include(index.inc.php): failed to open stream: No such file or directory in W:\domains\first.PHP\index.php:58
[29-12-2018 22:03:52] - include(): Failed opening 'index.inc.php' for inclusion (include_path='.;w:/modules/php/PHP-7.2-x64;w:/modules/php/PHP-7.2-x64/PEAR/pear') in W:\domains\first.PHP\index.php:58
[29-12-2018 22:04:04] - A non well formed numeric value encountered in W:\domains\first.PHP\contact.php:11
[29-12-2018 22:04:06] - Undefined index: id in W:\domains\first.PHP\index.php:8
[29-12-2018 22:04:06] - include(index.inc.php): failed to open stream: No such file or directory in W:\domains\first.PHP\index.php:58
[29-12-2018 22:04:06] - include(): Failed opening 'index.inc.php' for inclusion (include_path='.;w:/modules/php/PHP-7.2-x64;w:/modules/php/PHP-7.2-x64/PEAR/pear') in W:\domains\first.PHP\index.php:58
[29-12-2018 22:04:36] - Undefined variable: cols in W:\domains\first.PHP\table.php:7
[29-12-2018 22:04:36] - Undefined variable: rows in W:\domains\first.PHP\table.php:8
[29-12-2018 22:04:36] - Undefined variable: color in W:\domains\first.PHP\table.php:9
[29-12-2018 22:04:37] - Undefined index: id in W:\domains\first.PHP\index.php:8
[29-12-2018 22:04:37] - include(index.inc.php): failed to open stream: No such file or directory in W:\domains\first.PHP\index.php:58
[29-12-2018 22:04:37] - include(): Failed opening 'index.inc.php' for inclusion (include_path='.;w:/modules/php/PHP-7.2-x64;w:/modules/php/PHP-7.2-x64/PEAR/pear') in W:\domains\first.PHP\index.php:58
[29-12-2018 22:05:13] - Undefined index: id in W:\domains\first.PHP\index.php:8
[29-12-2018 22:05:13] - include(index.inc.php): failed to open stream: No such file or directory in W:\domains\first.PHP\index.php:58
[29-12-2018 22:05:13] - include(): Failed opening 'index.inc.php' for inclusion (include_path='.;w:/modules/php/PHP-7.2-x64;w:/modules/php/PHP-7.2-x64/PEAR/pear') in W:\domains\first.PHP\index.php:58
[29-12-2018 22:05:15] - Undefined index: id in W:\domains\first.PHP\index.php:8
[29-12-2018 22:05:15] - include(index.inc.php): failed to open stream: No such file or directory in W:\domains\first.PHP\index.php:58
[29-12-2018 22:05:15] - include(): Failed opening 'index.inc.php' for inclusion (include_path='.;w:/modules/php/PHP-7.2-x64;w:/modules/php/PHP-7.2-x64/PEAR/pear') in W:\domains\first.PHP\index.php:58
[29-12-2018 22:05:16] - Undefined index: id in W:\domains\first.PHP\index.php:8
[29-12-2018 22:05:16] - include(index.inc.php): failed to open stream: No such file or directory in W:\domains\first.PHP\index.php:58
[29-12-2018 22:05:16] - include(): Failed opening 'index.inc.php' for inclusion (include_path='.;w:/modules/php/PHP-7.2-x64;w:/modules/php/PHP-7.2-x64/PEAR/pear') in W:\domains\first.PHP\index.php:58
[29-12-2018 22:06:05] - Undefined index: id in W:\domains\first.PHP\index.php:9
[29-12-2018 22:06:05] - include(index.inc.php): failed to open stream: No such file or directory in W:\domains\first.PHP\index.php:59
[29-12-2018 22:06:05] - include(): Failed opening 'index.inc.php' for inclusion (include_path='.;w:/modules/php/PHP-7.2-x64;w:/modules/php/PHP-7.2-x64/PEAR/pear') in W:\domains\first.PHP\index.php:59
[29-12-2018 22:06:09] - Undefined index: id in W:\domains\first.PHP\index.php:9
[29-12-2018 22:06:09] - include(index.inc.php): failed to open stream: No such file or directory in W:\domains\first.PHP\index.php:59
[29-12-2018 22:06:09] - include(): Failed opening 'index.inc.php' for inclusion (include_path='.;w:/modules/php/PHP-7.2-x64;w:/modules/php/PHP-7.2-x64/PEAR/pear') in W:\domains\first.PHP\index.php:59
[29-12-2018 22:07:56] - Undefined index: id in W:\domains\first.PHP\index.php:9
[29-12-2018 22:07:56] - include(index.inc.php): failed to open stream: No such file or directory in W:\domains\first.PHP\index.php:59
[29-12-2018 22:07:56] - include(): Failed opening 'index.inc.php' for inclusion (include_path='.;w:/modules/php/PHP-7.2-x64;w:/modules/php/PHP-7.2-x64/PEAR/pear') in W:\domains\first.PHP\index.php:59
[29-12-2018 22:08:47] - Undefined index: id in W:\domains\first.PHP\index.php:9
[29-12-2018 22:08:47] - include(index.inc.php): failed to open stream: No such file or directory in W:\domains\first.PHP\index.php:59
[29-12-2018 22:08:47] - include(): Failed opening 'index.inc.php' for inclusion (include_path='.;w:/modules/php/PHP-7.2-x64;w:/modules/php/PHP-7.2-x64/PEAR/pear') in W:\domains\first.PHP\index.php:59
[29-12-2018 22:08:48] - Undefined index: id in W:\domains\first.PHP\index.php:9
[29-12-2018 22:08:48] - include(index.inc.php): failed to open stream: No such file or directory in W:\domains\first.PHP\index.php:59
[29-12-2018 22:08:48] - include(): Failed opening 'index.inc.php' for inclusion (include_path='.;w:/modules/php/PHP-7.2-x64;w:/modules/php/PHP-7.2-x64/PEAR/pear') in W:\domains\first.PHP\index.php:59
[29-12-2018 22:10:43] - Undefined index: id in W:\domains\first.PHP\index.php:9
[29-12-2018 22:10:43] - include(index.inc.php): failed to open stream: No such file or directory in W:\domains\first.PHP\index.php:59
[29-12-2018 22:10:43] - include(): Failed opening 'index.inc.php' for inclusion (include_path='.;w:/modules/php/PHP-7.2-x64;w:/modules/php/PHP-7.2-x64/PEAR/pear') in W:\domains\first.PHP\index.php:59
[29-12-2018 22:10:45] - A non well formed numeric value encountered in W:\domains\first.PHP\contact.php:11
[29-12-2018 22:10:46] - Undefined variable: cols in W:\domains\first.PHP\table.php:7
[29-12-2018 22:10:46] - Undefined variable: rows in W:\domains\first.PHP\table.php:8
[29-12-2018 22:10:46] - Undefined variable: color in W:\domains\first.PHP\table.php:9
[29-12-2018 22:10:47] - Undefined index: id in W:\domains\first.PHP\index.php:9
[29-12-2018 22:10:47] - include(index.inc.php): failed to open stream: No such file or directory in W:\domains\first.PHP\index.php:59
[29-12-2018 22:10:47] - include(): Failed opening 'index.inc.php' for inclusion (include_path='.;w:/modules/php/PHP-7.2-x64;w:/modules/php/PHP-7.2-x64/PEAR/pear') in W:\domains\first.PHP\index.php:59
[29-12-2018 22:11:23] - Undefined index: id in W:\domains\first.PHP\index.php:9
[29-12-2018 22:11:23] - include(index.inc.php): failed to open stream: No such file or directory in W:\domains\first.PHP\index.php:59
[29-12-2018 22:11:23] - include(): Failed opening 'index.inc.php' for inclusion (include_path='.;w:/modules/php/PHP-7.2-x64;w:/modules/php/PHP-7.2-x64/PEAR/pear') in W:\domains\first.PHP\index.php:59
[29-12-2018 22:11:31] - Undefined index: id in W:\domains\first.PHP\index.php:8
[29-12-2018 22:11:31] - include(index.inc.php): failed to open stream: No such file or directory in W:\domains\first.PHP\index.php:58
[29-12-2018 22:11:31] - include(): Failed opening 'index.inc.php' for inclusion (include_path='.;w:/modules/php/PHP-7.2-x64;w:/modules/php/PHP-7.2-x64/PEAR/pear') in W:\domains\first.PHP\index.php:58
[29-12-2018 22:12:23] - Undefined index: id in W:\domains\first.PHP\index.php:8
[29-12-2018 22:12:23] - include(index.inc.php): failed to open stream: No such file or directory in W:\domains\first.PHP\index.php:59
[29-12-2018 22:12:23] - include(): Failed opening 'index.inc.php' for inclusion (include_path='.;w:/modules/php/PHP-7.2-x64;w:/modules/php/PHP-7.2-x64/PEAR/pear') in W:\domains\first.PHP\index.php:59
[29-12-2018 22:12:43] - Undefined index: id in W:\domains\first.PHP\index.php:8
[29-12-2018 22:12:43] - include(index.inc.php): failed to open stream: No such file or directory in W:\domains\first.PHP\index.php:59
[29-12-2018 22:12:43] - include(): Failed opening 'index.inc.php' for inclusion (include_path='.;w:/modules/php/PHP-7.2-x64;w:/modules/php/PHP-7.2-x64/PEAR/pear') in W:\domains\first.PHP\index.php:59
[29-12-2018 22:12:53] - Undefined index: id in W:\domains\first.PHP\index.php:8
[29-12-2018 22:12:53] - include(index.inc.php): failed to open stream: No such file or directory in W:\domains\first.PHP\index.php:59
[29-12-2018 22:12:53] - include(): Failed opening 'index.inc.php' for inclusion (include_path='.;w:/modules/php/PHP-7.2-x64;w:/modules/php/PHP-7.2-x64/PEAR/pear') in W:\domains\first.PHP\index.php:59
[29-12-2018 22:13:42] - Undefined index: id in W:\domains\first.PHP\index.php:8
[29-12-2018 22:13:56] - Undefined index: id in W:\domains\first.PHP\index.php:8
[04-01-2019 14:03:08] - Undefined index: id in W:\domains\first.PHP\index.php:8
